<?xml version="1.0" encoding="UTF-8"?>
<coverage generated="1686722274039" clover="3.2.0">
  <project timestamp="1686722274040" name="All files">
    <metrics statements="33" coveredstatements="33" conditionals="18" coveredconditionals="17" methods="5" coveredmethods="5" elements="56" coveredelements="55" complexity="0" loc="33" ncloc="33" packages="1" files="1" classes="1"/>
    <file name="genDiff.js" path="/mnt/d/Work/Git/frontend-project-46/src/genDiff.js">
      <metrics statements="33" coveredstatements="33" conditionals="18" coveredconditionals="17" methods="5" coveredmethods="5"/>
      <line num="4" count="1" type="stmt"/>
      <line num="5" count="4" type="stmt"/>
      <line num="6" count="4" type="stmt"/>
      <line num="7" count="4" type="stmt"/>
      <line num="8" count="3" type="stmt"/>
      <line num="10" count="1" type="stmt"/>
      <line num="14" count="1" type="stmt"/>
      <line num="15" count="2" type="stmt"/>
      <line num="16" count="2" type="stmt"/>
      <line num="17" count="2" type="stmt"/>
      <line num="19" count="2" type="stmt"/>
      <line num="20" count="12" type="stmt"/>
      <line num="21" count="12" type="cond" truecount="2" falsecount="0"/>
      <line num="23" count="12" type="cond" truecount="2" falsecount="0"/>
      <line num="24" count="12" type="stmt"/>
      <line num="27" count="2" type="stmt"/>
      <line num="30" count="1" type="stmt"/>
      <line num="31" count="2" type="stmt"/>
      <line num="32" count="2" type="stmt"/>
      <line num="34" count="1" type="stmt"/>
      <line num="35" count="1" type="stmt"/>
      <line num="36" count="1" type="stmt"/>
      <line num="37" count="5" type="cond" truecount="4" falsecount="0"/>
      <line num="38" count="2" type="cond" truecount="2" falsecount="0"/>
      <line num="39" count="1" type="stmt"/>
      <line num="41" count="1" type="stmt"/>
      <line num="42" count="1" type="stmt"/>
      <line num="44" count="3" type="cond" truecount="4" falsecount="0"/>
      <line num="45" count="1" type="stmt"/>
      <line num="46" count="2" type="cond" truecount="3" falsecount="1"/>
      <line num="47" count="2" type="stmt"/>
      <line num="51" count="1" type="stmt"/>
      <line num="52" count="1" type="stmt"/>
    </file>
  </project>
</coverage>
