{"/mnt/d/Work/Git/frontend-project-46/src/genDiff.js": {"path":"/mnt/d/Work/Git/frontend-project-46/src/genDiff.js","statementMap":{"0":{"start":{"line":4,"column":20},"end":{"line":12,"column":1}},"1":{"start":{"line":5,"column":2},"end":{"line":11,"column":3}},"2":{"start":{"line":6,"column":25},"end":{"line":6,"column":62}},"3":{"start":{"line":7,"column":21},"end":{"line":7,"column":56}},"4":{"start":{"line":8,"column":4},"end":{"line":8,"column":32}},"5":{"start":{"line":10,"column":4},"end":{"line":10,"column":53}},"6":{"start":{"line":14,"column":27},"end":{"line":28,"column":1}},"7":{"start":{"line":15,"column":22},"end":{"line":15,"column":23}},"8":{"start":{"line":16,"column":18},"end":{"line":16,"column":41}},"9":{"start":{"line":17,"column":18},"end":{"line":17,"column":40}},"10":{"start":{"line":19,"column":17},"end":{"line":25,"column":11}},"11":{"start":{"line":20,"column":25},"end":{"line":20,"column":49}},"12":{"start":{"line":21,"column":19},"end":{"line":21,"column":50}},"13":{"start":{"line":23,"column":4},"end":{"line":23,"column":93}},"14":{"start":{"line":24,"column":4},"end":{"line":24,"column":14}},"15":{"start":{"line":27,"column":2},"end":{"line":27,"column":22}},"16":{"start":{"line":30,"column":31},"end":{"line":53,"column":1}},"17":{"start":{"line":31,"column":16},"end":{"line":31,"column":38}},"18":{"start":{"line":32,"column":16},"end":{"line":32,"column":38}},"19":{"start":{"line":34,"column":17},"end":{"line":34,"column":19}},"20":{"start":{"line":35,"column":15},"end":{"line":35,"column":89}},"21":{"start":{"line":36,"column":2},"end":{"line":49,"column":4}},"22":{"start":{"line":37,"column":4},"end":{"line":48,"column":7}},"23":{"start":{"line":38,"column":8},"end":{"line":43,"column":9}},"24":{"start":{"line":39,"column":10},"end":{"line":39,"column":42}},"25":{"start":{"line":41,"column":10},"end":{"line":41,"column":42}},"26":{"start":{"line":42,"column":10},"end":{"line":42,"column":42}},"27":{"start":{"line":44,"column":13},"end":{"line":48,"column":7}},"28":{"start":{"line":45,"column":8},"end":{"line":45,"column":40}},"29":{"start":{"line":46,"column":13},"end":{"line":48,"column":7}},"30":{"start":{"line":47,"column":8},"end":{"line":47,"column":40}},"31":{"start":{"line":51,"column":2},"end":{"line":51,"column":41}},"32":{"start":{"line":52,"column":2},"end":{"line":52,"column":36}}},"fnMap":{"0":{"name":"(anonymous_0)","decl":{"start":{"line":4,"column":20},"end":{"line":4,"column":21}},"loc":{"start":{"line":4,"column":34},"end":{"line":12,"column":1}},"line":4},"1":{"name":"(anonymous_1)","decl":{"start":{"line":14,"column":27},"end":{"line":14,"column":28}},"loc":{"start":{"line":14,"column":39},"end":{"line":28,"column":1}},"line":14},"2":{"name":"(anonymous_2)","decl":{"start":{"line":19,"column":32},"end":{"line":19,"column":33}},"loc":{"start":{"line":19,"column":55},"end":{"line":25,"column":3}},"line":19},"3":{"name":"(anonymous_3)","decl":{"start":{"line":30,"column":31},"end":{"line":30,"column":32}},"loc":{"start":{"line":30,"column":57},"end":{"line":53,"column":1}},"line":30},"4":{"name":"(anonymous_4)","decl":{"start":{"line":36,"column":15},"end":{"line":36,"column":16}},"loc":{"start":{"line":36,"column":22},"end":{"line":49,"column":3}},"line":36}},"branchMap":{"0":{"loc":{"start":{"line":21,"column":19},"end":{"line":21,"column":50}},"type":"cond-expr","locations":[{"start":{"line":21,"column":41},"end":{"line":21,"column":44}},{"start":{"line":21,"column":47},"end":{"line":21,"column":50}}],"line":21},"1":{"loc":{"start":{"line":23,"column":29},"end":{"line":23,"column":62}},"type":"cond-expr","locations":[{"start":{"line":23,"column":51},"end":{"line":23,"column":53}},{"start":{"line":23,"column":56},"end":{"line":23,"column":62}}],"line":23},"2":{"loc":{"start":{"line":37,"column":4},"end":{"line":48,"column":7}},"type":"if","locations":[{"start":{"line":37,"column":4},"end":{"line":48,"column":7}},{"start":{"line":44,"column":13},"end":{"line":48,"column":7}}],"line":37},"3":{"loc":{"start":{"line":37,"column":8},"end":{"line":37,"column":62}},"type":"binary-expr","locations":[{"start":{"line":37,"column":8},"end":{"line":37,"column":33}},{"start":{"line":37,"column":37},"end":{"line":37,"column":62}}],"line":37},"4":{"loc":{"start":{"line":38,"column":8},"end":{"line":43,"column":9}},"type":"if","locations":[{"start":{"line":38,"column":8},"end":{"line":43,"column":9}},{"start":{"line":40,"column":15},"end":{"line":43,"column":9}}],"line":38},"5":{"loc":{"start":{"line":44,"column":13},"end":{"line":48,"column":7}},"type":"if","locations":[{"start":{"line":44,"column":13},"end":{"line":48,"column":7}},{"start":{"line":46,"column":13},"end":{"line":48,"column":7}}],"line":44},"6":{"loc":{"start":{"line":44,"column":17},"end":{"line":44,"column":72}},"type":"binary-expr","locations":[{"start":{"line":44,"column":17},"end":{"line":44,"column":43}},{"start":{"line":44,"column":47},"end":{"line":44,"column":72}}],"line":44},"7":{"loc":{"start":{"line":46,"column":13},"end":{"line":48,"column":7}},"type":"if","locations":[{"start":{"line":46,"column":13},"end":{"line":48,"column":7}},{"start":{},"end":{}}],"line":46},"8":{"loc":{"start":{"line":46,"column":17},"end":{"line":46,"column":72}},"type":"binary-expr","locations":[{"start":{"line":46,"column":17},"end":{"line":46,"column":42}},{"start":{"line":46,"column":46},"end":{"line":46,"column":72}}],"line":46}},"s":{"0":1,"1":4,"2":4,"3":4,"4":3,"5":1,"6":1,"7":2,"8":2,"9":2,"10":2,"11":12,"12":12,"13":12,"14":12,"15":2,"16":1,"17":2,"18":2,"19":1,"20":1,"21":1,"22":5,"23":2,"24":1,"25":1,"26":1,"27":3,"28":1,"29":2,"30":2,"31":1,"32":1},"f":{"0":4,"1":2,"2":12,"3":2,"4":5},"b":{"0":[6,6],"1":[2,10],"2":[2,3],"3":[5,4],"4":[1,1],"5":[1,2],"6":[3,1],"7":[2,0],"8":[2,2]},"_coverageSchema":"1a1c01bbd47fc00a2c39e90264f33305004495a9","hash":"fd2b289ce7deead3ef5b5ccf93a997d94eac4a45"}
}
