TN:
SF:src/genDiff.js
FN:4,(anonymous_0)
FN:14,(anonymous_1)
FN:19,(anonymous_2)
FN:30,(anonymous_3)
FN:36,(anonymous_4)
FNF:5
FNH:5
FNDA:4,(anonymous_0)
FNDA:2,(anonymous_1)
FNDA:12,(anonymous_2)
FNDA:2,(anonymous_3)
FNDA:5,(anonymous_4)
DA:4,1
DA:5,4
DA:6,4
DA:7,4
DA:8,3
DA:10,1
DA:14,1
DA:15,2
DA:16,2
DA:17,2
DA:19,2
DA:20,12
DA:21,12
DA:23,12
DA:24,12
DA:27,2
DA:30,1
DA:31,2
DA:32,2
DA:34,1
DA:35,1
DA:36,1
DA:37,5
DA:38,2
DA:39,1
DA:41,1
DA:42,1
DA:44,3
DA:45,1
DA:46,2
DA:47,2
DA:51,1
DA:52,1
LF:33
LH:33
BRDA:21,0,0,6
BRDA:21,0,1,6
BRDA:23,1,0,2
BRDA:23,1,1,10
BRDA:37,2,0,2
BRDA:37,2,1,3
BRDA:37,3,0,5
BRDA:37,3,1,4
BRDA:38,4,0,1
BRDA:38,4,1,1
BRDA:44,5,0,1
BRDA:44,5,1,2
BRDA:44,6,0,3
BRDA:44,6,1,1
BRDA:46,7,0,2
BRDA:46,7,1,0
BRDA:46,8,0,2
BRDA:46,8,1,2
BRF:18
BRH:17
end_of_record
